# JRE version: OpenJDK Runtime Environment (8.0_242-b01) (build 1.8.0_242-release-1644-b01)
# Java VM: OpenJDK 64-Bit Server VM (25.242-b01 mixed mode windows-amd64 compressed oops)
Heap:
 PSYoungGen      total 302592K, used 218746K [0x00000000d5580000, 0x00000000ead80000, 0x0000000100000000)
  eden space 272896K, 69% used [0x00000000d5580000,0x00000000e0e8e970,0x00000000e6000000)
  from space 29696K, 98% used [0x00000000e6000000,0x00000000e7c90098,0x00000000e7d00000)
  to   space 33280K, 0% used [0x00000000e8d00000,0x00000000e8d00000,0x00000000ead80000)
 ParOldGen       total 212480K, used 51612K [0x0000000080000000, 0x000000008cf80000, 0x00000000d5580000)
  object space 212480K, 24% used [0x0000000080000000,0x0000000083267140,0x000000008cf80000)
 Metaspace       used 88113K, capacity 92706K, committed 92888K, reserved 1130496K
  class space    used 11518K, capacity 12423K, committed 12544K, reserved 1048576K
GC Heap History (10 events):
Event: 11.806 GC heap before
{Heap before GC invocations=14 (full 3):
 PSYoungGen      total 223232K, used 205312K [0x00000000d5580000, 0x00000000e6c00000, 0x0000000100000000)
  eden space 205312K, 100% used [0x00000000d5580000,0x00000000e1e00000,0x00000000e1e00000)
  from space 17920K, 0% used [0x00000000e3180000,0x00000000e3180000,0x00000000e4300000)
  to   space 19968K, 0% used [0x00000000e1e00000,0x00000000e1e00000,0x00000000e3180000)
 ParOldGen       total 212480K, used 33125K [0x0000000080000000, 0x000000008cf80000, 0x00000000d5580000)
  object space 212480K, 15% used [0x0000000080000000,0x0000000082059538,0x000000008cf80000)
 Metaspace       used 66625K, capacity 69010K, committed 69208K, reserved 1110016K
  class space    used 9041K, capacity 9570K, committed 9600K, reserved 1048576K
Event: 11.821 GC heap after
Heap after GC invocations=14 (full 3):
 PSYoungGen      total 225280K, used 17735K [0x00000000d5580000, 0x00000000e7200000, 0x0000000100000000)
  eden space 205312K, 0% used [0x00000000d5580000,0x00000000d5580000,0x00000000e1e00000)
  from space 19968K, 88% used [0x00000000e1e00000,0x00000000e2f51c30,0x00000000e3180000)
  to   space 21504K, 0% used [0x00000000e5d00000,0x00000000e5d00000,0x00000000e7200000)
 ParOldGen       total 212480K, used 33133K [0x0000000080000000, 0x000000008cf80000, 0x00000000d5580000)
  object space 212480K, 15% used [0x0000000080000000,0x000000008205b538,0x000000008cf80000)
 Metaspace       used 66625K, capacity 69010K, committed 69208K, reserved 1110016K
  class space    used 9041K, capacity 9570K, committed 9600K, reserved 1048576K
}
Event: 13.637 GC heap before
{Heap before GC invocations=15 (full 3):
 PSYoungGen      total 225280K, used 223047K [0x00000000d5580000, 0x00000000e7200000, 0x0000000100000000)
  eden space 205312K, 100% used [0x00000000d5580000,0x00000000e1e00000,0x00000000e1e00000)
  from space 19968K, 88% used [0x00000000e1e00000,0x00000000e2f51c30,0x00000000e3180000)
  to   space 21504K, 0% used [0x00000000e5d00000,0x00000000e5d00000,0x00000000e7200000)
 ParOldGen       total 212480K, used 33133K [0x0000000080000000, 0x000000008cf80000, 0x00000000d5580000)
  object space 212480K, 15% used [0x0000000080000000,0x000000008205b538,0x000000008cf80000)
 Metaspace       used 74911K, capacity 78188K, committed 78424K, reserved 1116160K
  class space    used 10194K, capacity 10857K, committed 10880K, reserved 1048576K
Event: 13.664 GC heap after
Heap after GC invocations=15 (full 3):
 PSYoungGen      total 264704K, used 21477K [0x00000000d5580000, 0x00000000e7b80000, 0x0000000100000000)
  eden space 243200K, 0% used [0x00000000d5580000,0x00000000d5580000,0x00000000e4300000)
  from space 21504K, 99% used [0x00000000e5d00000,0x00000000e71f9598,0x00000000e7200000)
  to   space 26624K, 0% used [0x00000000e4300000,0x00000000e4300000,0x00000000e5d00000)
 ParOldGen       total 212480K, used 39945K [0x0000000080000000, 0x000000008cf80000, 0x00000000d5580000)
  object space 212480K, 18% used [0x0000000080000000,0x00000000827024c8,0x000000008cf80000)
 Metaspace       used 74911K, capacity 78188K, committed 78424K, reserved 1116160K
  class space    used 10194K, capacity 10857K, committed 10880K, reserved 1048576K
}
Event: 1073.655 GC heap before
{Heap before GC invocations=16 (full 3):
 PSYoungGen      total 264704K, used 264677K [0x00000000d5580000, 0x00000000e7b80000, 0x0000000100000000)
  eden space 243200K, 100% used [0x00000000d5580000,0x00000000e4300000,0x00000000e4300000)
  from space 21504K, 99% used [0x00000000e5d00000,0x00000000e71f9598,0x00000000e7200000)
  to   space 26624K, 0% used [0x00000000e4300000,0x00000000e4300000,0x00000000e5d00000)
 ParOldGen       total 212480K, used 39945K [0x0000000080000000, 0x000000008cf80000, 0x00000000d5580000)
  object space 212480K, 18% used [0x0000000080000000,0x00000000827024c8,0x000000008cf80000)
 Metaspace       used 80699K, capacity 84302K, committed 84568K, reserved 1122304K
  class space    used 10612K, capacity 11366K, committed 11392K, reserved 1048576K
Event: 1073.683 GC heap after
Heap after GC invocations=16 (full 3):
 PSYoungGen      total 269824K, used 25422K [0x00000000d5580000, 0x00000000ea600000, 0x0000000100000000)
  eden space 243200K, 0% used [0x00000000d5580000,0x00000000d5580000,0x00000000e4300000)
  from space 26624K, 95% used [0x00000000e4300000,0x00000000e5bd3a08,0x00000000e5d00000)
  to   space 30208K, 0% used [0x00000000e8880000,0x00000000e8880000,0x00000000ea600000)
 ParOldGen       total 212480K, used 51596K [0x0000000080000000, 0x000000008cf80000, 0x00000000d5580000)
  object space 212480K, 24% used [0x0000000080000000,0x0000000083263140,0x000000008cf80000)
 Metaspace       used 80699K, capacity 84302K, committed 84568K, reserved 1122304K
  class space    used 10612K, capacity 11366K, committed 11392K, reserved 1048576K
}
Event: 10325.374 GC heap before
{Heap before GC invocations=17 (full 3):
 PSYoungGen      total 269824K, used 268622K [0x00000000d5580000, 0x00000000ea600000, 0x0000000100000000)
  eden space 243200K, 100% used [0x00000000d5580000,0x00000000e4300000,0x00000000e4300000)
  from space 26624K, 95% used [0x00000000e4300000,0x00000000e5bd3a08,0x00000000e5d00000)
  to   space 30208K, 0% used [0x00000000e8880000,0x00000000e8880000,0x00000000ea600000)
 ParOldGen       total 212480K, used 51596K [0x0000000080000000, 0x000000008cf80000, 0x00000000d5580000)
  object space 212480K, 24% used [0x0000000080000000,0x0000000083263140,0x000000008cf80000)
 Metaspace       used 81790K, capacity 85764K, committed 86104K, reserved 1124352K
  class space    used 10718K, capacity 11548K, committed 11648K, reserved 1048576K
Event: 10325.586 GC heap after
Heap after GC invocations=17 (full 3):
 PSYoungGen      total 254464K, used 17643K [0x00000000d5580000, 0x00000000e9a00000, 0x0000000100000000)
  eden space 236544K, 0% used [0x00000000d5580000,0x00000000d5580000,0x00000000e3c80000)
  from space 17920K, 98% used [0x00000000e8880000,0x00000000e99bafb8,0x00000000e9a00000)
  to   space 29696K, 0% used [0x00000000e6000000,0x00000000e6000000,0x00000000e7d00000)
 ParOldGen       total 212480K, used 51604K [0x0000000080000000, 0x000000008cf80000, 0x00000000d5580000)
  object space 212480K, 24% used [0x0000000080000000,0x0000000083265140,0x000000008cf80000)
 Metaspace       used 81790K, capacity 85764K, committed 86104K, reserved 1124352K
  class space    used 10718K, capacity 11548K, committed 11648K, reserved 1048576K
}
Event: 10328.515 GC heap before
{Heap before GC invocations=18 (full 3):
 PSYoungGen      total 254464K, used 254187K [0x00000000d5580000, 0x00000000e9a00000, 0x0000000100000000)
  eden space 236544K, 100% used [0x00000000d5580000,0x00000000e3c80000,0x00000000e3c80000)
  from space 17920K, 98% used [0x00000000e8880000,0x00000000e99bafb8,0x00000000e9a00000)
  to   space 29696K, 0% used [0x00000000e6000000,0x00000000e6000000,0x00000000e7d00000)
 ParOldGen       total 212480K, used 51604K [0x0000000080000000, 0x000000008cf80000, 0x00000000d5580000)
  object space 212480K, 24% used [0x0000000080000000,0x0000000083265140,0x000000008cf80000)
 Metaspace       used 84777K, capacity 89048K, committed 89304K, reserved 1126400K
  class space    used 11135K, capacity 11976K, committed 12032K, reserved 1048576K
Event: 10328.624 GC heap after
Heap after GC invocations=18 (full 3):
 PSYoungGen      total 302592K, used 29248K [0x00000000d5580000, 0x00000000ead80000, 0x0000000100000000)
  eden space 272896K, 0% used [0x00000000d5580000,0x00000000d5580000,0x00000000e6000000)
  from space 29696K, 98% used [0x00000000e6000000,0x00000000e7c90098,0x00000000e7d00000)
  to   space 33280K, 0% used [0x00000000e8d00000,0x00000000e8d00000,0x00000000ead80000)
 ParOldGen       total 212480K, used 51612K [0x0000000080000000, 0x000000008cf80000, 0x00000000d5580000)
  object space 212480K, 24% used [0x0000000080000000,0x0000000083267140,0x000000008cf80000)
 Metaspace       used 84777K, capacity 89048K, committed 89304K, reserved 1126400K
  class space    used 11135K, capacity 11976K, committed 12032K, reserved 1048576K
}

